GMMAdaptTool.h:1419:		string mkdirFolder = "mkdir " + szFEFolder;
GMMAdaptTool.h:1422:			system(mkdirFolder.c_str());
GMMAdaptTool.h:1461:		string mkdirFolder = "mkdir " + szFEFolder;
GMMAdaptTool.h:1464:			system(mkdirFolder.c_str());
GMMAdaptTool.h:1528:		string mkdirFolder = "mkdir " + szFEFolder;
GMMAdaptTool.h:1531:			system(mkdirFolder.c_str());
GMMAdaptTool.h:1619:		string mkdirFolder = "mkdir " + szFEFolder;
GMMAdaptTool.h:1622:			system(mkdirFolder.c_str());
GMMAdaptTool.h:1659:		string mkdirFolder = "mkdir " + szFEFolder;
GMMAdaptTool.h:1662:			system(mkdirFolder.c_str());
GMMAdaptTool.h:1731:		string mkdirFolder = "mkdir " + szFEFolder;
GMMAdaptTool.h:1734:			system(mkdirFolder.c_str());
GMMAdaptTool.h:1772:		string mkdirFolder = "mkdir " + szFEFolder;
GMMAdaptTool.h:1775:			system(mkdirFolder.c_str());
GMMAdaptTool.h:1813:		string mkdirFolder = "mkdir " + szFEFolder;
GMMAdaptTool.h:1816:			system(mkdirFolder.c_str());
GMMAdaptTool.h:2335:		string sysMkDirFE = "mkdir " + szFEFolder;
GMMAdaptTool.h:3363:		string szmkdir = "mkdir " + szFEFolder;
GMMAdaptTool.h:3366:			system(szmkdir.c_str());
GMMAdaptTool.h:3427:		string szmkdir = "mkdir " + szFEFolder;
GMMAdaptTool.h:3430:			system(szmkdir.c_str());
GMMAdaptTool.h:4077:		string mkdirFolder = "mkdir " + szFEFolder;
GMMAdaptTool.h:4080:			system(mkdirFolder.c_str());
GMMAdaptTool.h:4157:		string mkdirFolder = "mkdir " + szFEFolder;
GMMAdaptTool.h:4160:			system(mkdirFolder.c_str());
GMMAdaptTool.h:4246:		string mkdirFolder = "mkdir " + szFEFolder;
GMMAdaptTool.h:4249:			system(mkdirFolder.c_str());
GMMAdaptTool.h:4338:	        string mkdirFolder = "mkdir " + szFEFolder;
GMMAdaptTool.h:4341:		        system(mkdirFolder.c_str());
GMMAdaptTool.h:4431:		string mkdirFolder = "mkdir " + szFEFolder;
GMMAdaptTool.h:4434:			system(mkdirFolder.c_str());
GMMAdaptTool.h:4504:		string mkdirFolder = "mkdir " + szFEFolder;
GMMAdaptTool.h:4507:			system(mkdirFolder.c_str());
GMMAdaptTool.h:4734:                string mkdirFolder = "mkdir " + szFEFolder;
GMMAdaptTool.h:4737:                	system(mkdirFolder.c_str());
GMMAdaptTool.h:4862:		string mkdirFolder = "mkdir " + szFEFolder;
GMMAdaptTool.h:4865:			system(mkdirFolder.c_str());
GMMAdaptTool.h:5073:		string mkdirFolder = "mkdir " + szFEFolder;
GMMAdaptTool.h:5076:			system(mkdirFolder.c_str());
GMMAdaptTool.h:5307:		string mkdirFolder = "mkdir " + szFEFolder;
GMMAdaptTool.h:5310:			system(mkdirFolder.c_str());
GMMAdaptTool.h:5570://		string sysMkDirFE = "mkdir " + szFEFolder;
GMMAdaptTool.h:6730:	//	string sysMkDirFE = "mkdir " + szFEFolder;
GMMAdaptTool.h:7093:	//	string sysMkDirFE = "mkdir " + szFEFolder;
VideoFE.h:7358:				MakeResult = _mkdir(syscom.c_str());
VideoFE.h:7360:				MakeResult = mkdir(syscom.c_str(), 777);
VideoFE.h:7414:		//cout<<"before mkdirhier\n";
VideoFE.h:7416:		//cout<<"after mkdirhier\n";
